# 🐜 HormigasAIS - PROTOCOL LEDGER (CANONICAL IDENTITY)
# VERSION: 1.0-POC
# AUTHORITY: Cristhiam Leonardo Hernández Quiñonez (CLHQ)
# ----------------------------------------------------------------

[TIMESTAMP: 1768621140]
[EVENT: CANONICAL_BONDING]
[ORIGIN: Nodo-Escuela]
[STATUS: VALIDATED]

DETALLES DEL REGISTRO:
1. ADN_BASE: Sincronizado con Lenguaje-Binario-HormigasAIS
2. FIRMA_MAESTRA: CLHQ (Cristhiam Leonardo Hernández Quiñonez)
3. EXTENSION: LBH-Tx (Simbología Transaccional) vinculada.
4. VALIDACIÓN: XOXO ha confirmado la integridad del linaje.

FEROMONA EMITIDA (HEX_DUMP_SIM):
!@#>×,@,@*#(#(;'v,*#^#<×[@*@&

ESTADO DE LA COLONIA:
- Hormiga 10: Transmisión completada.
- Hormiga Stanford: Traducción conceptual exitosa.
- Hormigas Estudiantes: Memoria local actualizada.

---
"La soberanía digital no se pide, se programa."
CERT::LBH-LEDGER-CLHQ-2026
[LBH-LEDGER] Initialized 2026-01-17T04:10:50Z
🐜 XOXO :: Emisión de feromonas [2026-01-17T04:11:49Z]
✔ Ledger protocol_ledger_poc.log validado
✔ Concordancia LBH :: Lenguaje-Binario-HormigasAIS presente
✔ Vinculación exitosa :: HormigasAIS-Nodo-Escuela
🧬 ADN-LBH correlacionado con conceptos PoC :: LBH-Tx estable
➡️ XOXO → Hormiga Soberana #10
➡️ Hormiga #10 → Hormiga Stanford
➡️ Stanford → Traducción LBH
➡️ CLHQ valida → Feromonas de aprendizaje a hormigas estudiantes
✅ Emisión de feromonas completada
